app/build/intermediates/manifest_merge_blame_file/debug/manifest-merger-blame-debug-report.txt
1<?xml version="1.0" encoding="utf-8"?>
2<manifest xmlns:android="http://schemas.android.com/apk/res/android"
3    package="com.raywenderlich.wewatch"
4    android:versionCode="1"
5    android:versionName="1.0" >
6
7    <uses-sdk
8        android:minSdkVersion="21"
8-->src/main/AndroidManifest.xml
9        android:targetSdkVersion="28" />
9-->src/main/AndroidManifest.xml
10
11    <uses-permission android:name="android.permission.INTERNET" />
11-->src/main/AndroidManifest.xml:4:3-64
11-->src/main/AndroidManifest.xml:4:20-62
12
13    <application
13-->src/main/AndroidManifest.xml:5:3-26:17
14        android:name="com.raywenderlich.wewatch.App"
14-->src/main/AndroidManifest.xml:6:5-24
15        android:allowBackup="true"
15-->src/main/AndroidManifest.xml:7:5-31
16        android:appComponentFactory="androidx.core.app.CoreComponentFactory"
16-->[androidx.core:core:1.1.0-alpha04] AndroidManifest.xml:22:18-86
17        android:debuggable="true"
18        android:icon="@mipmap/ic_launcher"
18-->src/main/AndroidManifest.xml:8:5-39
19        android:label="@string/app_name"
19-->src/main/AndroidManifest.xml:9:5-37
20        android:roundIcon="@mipmap/ic_launcher_round"
20-->src/main/AndroidManifest.xml:10:5-50
21        android:supportsRtl="true"
21-->src/main/AndroidManifest.xml:12:5-31
22        android:testOnly="true"
23        android:theme="@style/AppTheme"
23-->src/main/AndroidManifest.xml:13:5-36
24        android:usesCleartextTraffic="true" >
24-->src/main/AndroidManifest.xml:11:3-38
25        <activity
25-->src/main/AndroidManifest.xml:14:5-21:16
26            android:name="com.raywenderlich.wewatch.view.activities.MainActivity"
26-->src/main/AndroidManifest.xml:14:15-59
27            android:label="WeWatch" >
27-->src/main/AndroidManifest.xml:15:7-30
28            <intent-filter>
28-->src/main/AndroidManifest.xml:16:7-20:23
29                <action android:name="android.intent.action.MAIN" />
29-->src/main/AndroidManifest.xml:17:9-61
29-->src/main/AndroidManifest.xml:17:17-58
30
31                <category android:name="android.intent.category.LAUNCHER" />
31-->src/main/AndroidManifest.xml:19:9-69
31-->src/main/AndroidManifest.xml:19:19-66
32            </intent-filter>
33        </activity>
34        <activity
34-->src/main/AndroidManifest.xml:22:5-24:16
35            android:name="com.raywenderlich.wewatch.view.activities.AddMovieActivity"
35-->src/main/AndroidManifest.xml:22:15-63
36            android:label="WeWatch" >
36-->src/main/AndroidManifest.xml:23:7-30
37        </activity>
38        <activity android:name="com.raywenderlich.wewatch.view.activities.SearchMovieActivity" />
38-->src/main/AndroidManifest.xml:25:5-78
38-->src/main/AndroidManifest.xml:25:15-66
39
40        <provider
40-->[com.squareup.picasso:picasso:2.71828] AndroidManifest.xml:8:9-11:40
41            android:name="com.squareup.picasso.PicassoProvider"
41-->[com.squareup.picasso:picasso:2.71828] AndroidManifest.xml:9:13-64
42            android:authorities="com.raywenderlich.wewatch.com.squareup.picasso"
42-->[com.squareup.picasso:picasso:2.71828] AndroidManifest.xml:10:13-72
43            android:exported="false" />
43-->[com.squareup.picasso:picasso:2.71828] AndroidManifest.xml:11:13-37
44        <provider
44-->[androidx.lifecycle:lifecycle-process:2.1.0-alpha02] AndroidManifest.xml:23:9-27:43
45            android:name="androidx.lifecycle.ProcessLifecycleOwnerInitializer"
45-->[androidx.lifecycle:lifecycle-process:2.1.0-alpha02] AndroidManifest.xml:24:13-79
46            android:authorities="com.raywenderlich.wewatch.lifecycle-process"
46-->[androidx.lifecycle:lifecycle-process:2.1.0-alpha02] AndroidManifest.xml:25:13-69
47            android:exported="false"
47-->[androidx.lifecycle:lifecycle-process:2.1.0-alpha02] AndroidManifest.xml:26:13-37
48            android:multiprocess="true" />
48-->[androidx.lifecycle:lifecycle-process:2.1.0-alpha02] AndroidManifest.xml:27:13-40
49    </application>
50
51</manifest>